android/app/build/outputs/logs/manifest-merger-debug-report.txt
-- Merging decision tree log ---
manifest
ADDED from src\main\AndroidManifest.xml:1:1-33:12
	package
		ADDED from src\main\AndroidManifest.xml:2:5-32
		INJECTED from src\main\AndroidManifest.xml
		INJECTED from src\main\AndroidManifest.xml
	android:versionName
		ADDED from src\main\AndroidManifest.xml:4:5-30
		INJECTED from src\main\AndroidManifest.xml
		INJECTED from src\main\AndroidManifest.xml
	android:versionCode
		ADDED from src\main\AndroidManifest.xml:3:5-28
		INJECTED from src\main\AndroidManifest.xml
		INJECTED from src\main\AndroidManifest.xml
	xmlns:android
		ADDED from src\main\AndroidManifest.xml:1:11-69
uses-permission#android.permission.INTERNET
ADDED from src\main\AndroidManifest.xml:6:5-67
	android:name
		ADDED from src\main\AndroidManifest.xml:6:22-64
uses-permission#android.permission.SYSTEM_ALERT_WINDOW
ADDED from src\main\AndroidManifest.xml:7:5-77
MERGED from [com.facebook.react:react-native:0.50.1] AndroidManifest.xml:11:5-78
	android:name
		ADDED from src\main\AndroidManifest.xml:7:22-75
uses-sdk
ADDED from src\main\AndroidManifest.xml:9:5-11:41
MERGED from [RestaurantPOS:realm:unspecified] AndroidManifest.xml:5:5-7:41
MERGED from [RestaurantPOS:react-native-vector-icons:unspecified] AndroidManifest.xml:7:5-9:41
MERGED from [RestaurantPOS:react-native-keychain:unspecified] AndroidManifest.xml:7:5-9:41
MERGED from [com.facebook.conceal:conceal:1.1.2] AndroidManifest.xml:12:5-14:41
MERGED from [RestaurantPOS:react-native-sunmi-inner-printer:unspecified] AndroidManifest.xml:7:5-9:41
MERGED from [com.facebook.react:react-native:0.50.1] AndroidManifest.xml:7:5-9:41
MERGED from [com.android.support:appcompat-v7:23.0.1] AndroidManifest.xml:20:5-43
MERGED from [com.android.support:support-v4:23.0.1] AndroidManifest.xml:20:5-43
MERGED from [com.facebook.fbui.textlayoutbuilder:textlayoutbuilder:1.0.0] AndroidManifest.xml:14:5-16:41
MERGED from [com.facebook.fresco:fresco:1.3.0] AndroidManifest.xml:5:5-7:41
MERGED from [com.facebook.fresco:drawee:1.3.0] AndroidManifest.xml:5:5-7:41
MERGED from [com.facebook.fresco:imagepipeline-okhttp3:1.3.0] AndroidManifest.xml:5:5-7:41
MERGED from [com.facebook.fresco:imagepipeline:1.3.0] AndroidManifest.xml:5:5-7:41
MERGED from [com.facebook.fresco:imagepipeline-base:1.3.0] AndroidManifest.xml:5:5-7:41
MERGED from [com.facebook.fresco:fbcore:1.3.0] AndroidManifest.xml:5:5-7:41
MERGED from [com.facebook.soloader:soloader:0.1.0] AndroidManifest.xml:2:3-70
	android:targetSdkVersion
		ADDED from src\main\AndroidManifest.xml:11:9-38
		INJECTED from src\main\AndroidManifest.xml
		INJECTED from src\main\AndroidManifest.xml
	android:minSdkVersion
		ADDED from src\main\AndroidManifest.xml:10:9-35
		INJECTED from src\main\AndroidManifest.xml
		INJECTED from src\main\AndroidManifest.xml
application
ADDED from src\main\AndroidManifest.xml:13:5-31:19
MERGED from [RestaurantPOS:realm:unspecified] AndroidManifest.xml:9:5-20
MERGED from [RestaurantPOS:react-native-sunmi-inner-printer:unspecified] AndroidManifest.xml:11:5-37:19
MERGED from [com.facebook.react:react-native:0.50.1] AndroidManifest.xml:13:5-20
MERGED from [com.android.support:appcompat-v7:23.0.1] AndroidManifest.xml:22:5-20
MERGED from [com.android.support:support-v4:23.0.1] AndroidManifest.xml:22:5-20
MERGED from [com.facebook.soloader:soloader:0.1.0] AndroidManifest.xml:3:3-17
MERGED from [org.webkit:android-jsc:r174650] AndroidManifest.xml:2:3-17
	android:label
		ADDED from src\main\AndroidManifest.xml:16:7-39
	android:allowBackup
		ADDED from src\main\AndroidManifest.xml:15:7-33
	android:icon
		ADDED from src\main\AndroidManifest.xml:17:7-41
	android:theme
		ADDED from src\main\AndroidManifest.xml:18:7-38
	android:name
		ADDED from src\main\AndroidManifest.xml:14:7-38
activity#com.restaurantpos.MainActivity
ADDED from src\main\AndroidManifest.xml:19:7-29:18
	android:screenOrientation
		ADDED from src\main\AndroidManifest.xml:24:9-46
	android:label
		ADDED from src\main\AndroidManifest.xml:21:9-41
	android:windowSoftInputMode
		ADDED from src\main\AndroidManifest.xml:23:9-51
	android:configChanges
		ADDED from src\main\AndroidManifest.xml:22:9-79
	android:name
		ADDED from src\main\AndroidManifest.xml:20:9-37
intent-filter#android.intent.action.MAIN+android.intent.category.LAUNCHER
ADDED from src\main\AndroidManifest.xml:25:9-28:25
action#android.intent.action.MAIN
ADDED from src\main\AndroidManifest.xml:26:13-65
	android:name
		ADDED from src\main\AndroidManifest.xml:26:21-62
category#android.intent.category.LAUNCHER
ADDED from src\main\AndroidManifest.xml:27:13-73
	android:name
		ADDED from src\main\AndroidManifest.xml:27:23-70
activity#com.facebook.react.devsupport.DevSettingsActivity
ADDED from src\main\AndroidManifest.xml:30:7-84
	android:name
		ADDED from src\main\AndroidManifest.xml:30:17-81
receiver#com.sunmi.innerprinter.PrinterReceiver
ADDED from [RestaurantPOS:react-native-sunmi-inner-printer:unspecified] AndroidManifest.xml:12:9-36:20
	android:enabled
		ADDED from [RestaurantPOS:react-native-sunmi-inner-printer:unspecified] AndroidManifest.xml:14:13-35
	android:name
		ADDED from [RestaurantPOS:react-native-sunmi-inner-printer:unspecified] AndroidManifest.xml:13:13-66
intent-filter#woyou.aidlservice.jiuv5.COVER_ERROR_ACTION+woyou.aidlservice.jiuv5.COVER_OPEN_ACTION+woyou.aidlservice.jiuv5.ERROR_ACTION+woyou.aidlservice.jiuv5.FIRMWARE_UPDATING_ACITON+woyou.aidlservice.jiuv5.KNIFE_ERROR_ACTION_1+woyou.aidlservice.jiuv5.KNIFE_ERROR_ACTION_2+woyou.aidlservice.jiuv5.NORMAL_ACTION+woyou.aidlservice.jiuv5.OUT_OF_PAPER_ACTION+woyou.aidlservice.jiuv5.OVER_HEATING_ACITON
ADDED from [RestaurantPOS:react-native-sunmi-inner-printer:unspecified] AndroidManifest.xml:15:13-35:29
	android:priority
		ADDED from [RestaurantPOS:react-native-sunmi-inner-printer:unspecified] AndroidManifest.xml:15:28-51
action#woyou.aidlservice.jiuv5.OUT_OF_PAPER_ACTION
ADDED from [RestaurantPOS:react-native-sunmi-inner-printer:unspecified] AndroidManifest.xml:18:17-86
	android:name
		ADDED from [RestaurantPOS:react-native-sunmi-inner-printer:unspecified] AndroidManifest.xml:18:25-83
action#woyou.aidlservice.jiuv5.ERROR_ACTION
ADDED from [RestaurantPOS:react-native-sunmi-inner-printer:unspecified] AndroidManifest.xml:20:17-79
	android:name
		ADDED from [RestaurantPOS:react-native-sunmi-inner-printer:unspecified] AndroidManifest.xml:20:25-76
action#woyou.aidlservice.jiuv5.NORMAL_ACTION
ADDED from [RestaurantPOS:react-native-sunmi-inner-printer:unspecified] AndroidManifest.xml:22:17-80
	android:name
		ADDED from [RestaurantPOS:react-native-sunmi-inner-printer:unspecified] AndroidManifest.xml:22:25-77
action#woyou.aidlservice.jiuv5.COVER_OPEN_ACTION
ADDED from [RestaurantPOS:react-native-sunmi-inner-printer:unspecified] AndroidManifest.xml:24:17-84
	android:name
		ADDED from [RestaurantPOS:react-native-sunmi-inner-printer:unspecified] AndroidManifest.xml:24:25-81
action#woyou.aidlservice.jiuv5.COVER_ERROR_ACTION
ADDED from [RestaurantPOS:react-native-sunmi-inner-printer:unspecified] AndroidManifest.xml:26:17-85
	android:name
		ADDED from [RestaurantPOS:react-native-sunmi-inner-printer:unspecified] AndroidManifest.xml:26:25-82
action#woyou.aidlservice.jiuv5.KNIFE_ERROR_ACTION_1
ADDED from [RestaurantPOS:react-native-sunmi-inner-printer:unspecified] AndroidManifest.xml:28:17-87
	android:name
		ADDED from [RestaurantPOS:react-native-sunmi-inner-printer:unspecified] AndroidManifest.xml:28:25-84
action#woyou.aidlservice.jiuv5.KNIFE_ERROR_ACTION_2
ADDED from [RestaurantPOS:react-native-sunmi-inner-printer:unspecified] AndroidManifest.xml:30:17-87
	android:name
		ADDED from [RestaurantPOS:react-native-sunmi-inner-printer:unspecified] AndroidManifest.xml:30:25-84
action#woyou.aidlservice.jiuv5.OVER_HEATING_ACITON
ADDED from [RestaurantPOS:react-native-sunmi-inner-printer:unspecified] AndroidManifest.xml:32:17-86
	android:name
		ADDED from [RestaurantPOS:react-native-sunmi-inner-printer:unspecified] AndroidManifest.xml:32:25-83
action#woyou.aidlservice.jiuv5.FIRMWARE_UPDATING_ACITON
ADDED from [RestaurantPOS:react-native-sunmi-inner-printer:unspecified] AndroidManifest.xml:34:17-91
	android:name
		ADDED from [RestaurantPOS:react-native-sunmi-inner-printer:unspecified] AndroidManifest.xml:34:25-88
android:uses-permission#android.permission.WRITE_EXTERNAL_STORAGE
IMPLIED from src\main\AndroidManifest.xml:1:1-33:12 reason: org.webkit.android_jsc has a targetSdkVersion < 4
android:uses-permission#android.permission.READ_PHONE_STATE
IMPLIED from src\main\AndroidManifest.xml:1:1-33:12 reason: org.webkit.android_jsc has a targetSdkVersion < 4
android:uses-permission#android.permission.READ_EXTERNAL_STORAGE
IMPLIED from src\main\AndroidManifest.xml:1:1-33:12 reason: org.webkit.android_jsc requested WRITE_EXTERNAL_STORAGE